<?xml version="1.0" encoding="UTF-8"?>
<!-- Generated by org.testng.reporters.JUnitReportReporter -->
<testsuite hostname="Nav" name="com.TestScripts.Tc_101" tests="1" failures="0" timestamp="27 Dec 2019 18:58:52 GMT" time="55.074" errors="0">
  <testcase name="case_101" time="55.074" classname="com.TestScripts.Tc_101"/>
</testsuite> <!-- com.TestScripts.Tc_101 -->
