<?xml version="1.0" encoding="UTF-8"?>
<!-- Generated by org.testng.reporters.JUnitReportReporter -->
<testsuite hostname="Nav" name="com.TestScripts.Tc_101" tests="1" failures="0" timestamp="28 Dec 2019 06:01:32 GMT" time="47.351" errors="0">
  <testcase name="case_101" time="47.351" classname="com.TestScripts.Tc_101"/>
</testsuite> <!-- com.TestScripts.Tc_101 -->
